0 info it worked if it ends with ok
1 verbose cli [ '/Users/huangzongquan/.nvm/versions/node/v8.9.3/bin/node',
1 verbose cli   '/Users/huangzongquan/workspace/open/vscode-pont/node_modules/.bin/npm',
1 verbose cli   'run',
1 verbose cli   'compile' ]
2 info using npm@2.15.12
3 info using node@v8.9.3
4 warn invalid config loglevel="notice"
5 verbose run-script [ 'precompile', 'compile', 'postcompile' ]
6 info precompile vscode-pont@0.1.37
7 info compile vscode-pont@0.1.37
8 verbose unsafe-perm in lifecycle true
9 info vscode-pont@0.1.37 Failed to exec compile script
10 verbose stack Error: vscode-pont@0.1.37 compile: `yarn && tsc -p ./`
10 verbose stack Exit status 2
10 verbose stack     at EventEmitter.<anonymous> (/Users/huangzongquan/workspace/open/vscode-pont/node_modules/npm/lib/utils/lifecycle.js:217:16)
10 verbose stack     at emitTwo (events.js:126:13)
10 verbose stack     at EventEmitter.emit (events.js:214:7)
10 verbose stack     at ChildProcess.<anonymous> (/Users/huangzongquan/workspace/open/vscode-pont/node_modules/npm/lib/utils/spawn.js:24:14)
10 verbose stack     at emitTwo (events.js:126:13)
10 verbose stack     at ChildProcess.emit (events.js:214:7)
10 verbose stack     at maybeClose (internal/child_process.js:925:16)
10 verbose stack     at Process.ChildProcess._handle.onexit (internal/child_process.js:209:5)
11 verbose pkgid vscode-pont@0.1.37
12 verbose cwd /Users/huangzongquan/workspace/open/vscode-pont
13 error Darwin 18.0.0
14 error argv "/Users/huangzongquan/.nvm/versions/node/v8.9.3/bin/node" "/Users/huangzongquan/workspace/open/vscode-pont/node_modules/.bin/npm" "run" "compile"
15 error node v8.9.3
16 error npm  v2.15.12
17 error code ELIFECYCLE
18 error vscode-pont@0.1.37 compile: `yarn && tsc -p ./`
18 error Exit status 2
19 error Failed at the vscode-pont@0.1.37 compile script 'yarn && tsc -p ./'.
19 error This is most likely a problem with the vscode-pont package,
19 error not with npm itself.
19 error Tell the author that this fails on your system:
19 error     yarn && tsc -p ./
19 error You can get information on how to open an issue for this project with:
19 error     npm bugs vscode-pont
19 error Or if that isn't available, you can get their info via:
19 error
19 error     npm owner ls vscode-pont
19 error There is likely additional logging output above.
20 verbose exit [ 1, true ]
